L 04/10/2021 - 13:59:13: SourceMod log file session started (file "/root/csgoserver/csgo/addons/sourcemod/logs/L20210410.log") (Version "1.10.0.6502")
L 04/10/2021 - 13:59:13: -------- Mapchange to de_dust2 --------
L 04/10/2021 - 13:59:15: [weapons.smx] SQLite DB connection successful
L 04/10/2021 - 13:59:15: [weapons.smx] Inactive players' data has been deleted
L 04/10/2021 - 14:00:03: Log file closed.
L 04/10/2021 - 14:00:34: SourceMod log file session started (file "/root/csgoserver/csgo/addons/sourcemod/logs/L20210410.log") (Version "1.10.0.6502")
L 04/10/2021 - 14:00:34: -------- Mapchange to de_dust2 --------
L 04/10/2021 - 14:00:36: [weapons.smx] SQLite DB connection successful
L 04/10/2021 - 14:00:36: [weapons.smx] Inactive players' data has been deleted
L 04/10/2021 - 14:01:07: Log file closed.
L 04/10/2021 - 14:07:10: SourceMod log file session started (file "/root/csgoserver/csgo/addons/sourcemod/logs/L20210410.log") (Version "1.10.0.6502")
L 04/10/2021 - 14:07:10: -------- Mapchange to de_dust2 --------
L 04/10/2021 - 14:07:12: [weapons.smx] SQLite DB connection successful
L 04/10/2021 - 14:07:12: [weapons.smx] Inactive players' data has been deleted
L 04/10/2021 - 14:07:39: Log file closed.
L 04/10/2021 - 14:15:38: SourceMod log file session started (file "/root/csgoserver/csgo/addons/sourcemod/logs/L20210410.log") (Version "1.10.0.6502")
L 04/10/2021 - 14:15:38: -------- Mapchange to de_dust2 --------
L 04/10/2021 - 14:15:41: [weapons.smx] SQLite DB connection successful
L 04/10/2021 - 14:15:41: [weapons.smx] Inactive players' data has been deleted
L 04/11/2021 - 13:09:02: Log file closed.
